<?xml version="1.0" encoding="UTF-8" ?>
<testsuite tests="1" failures="0" name="testRunner.LoginTestRunner" time="10.801" errors="1" skipped="0">
  <properties>
[...]
</properties>
  <testcase classname="Login" name="Successful login with valid credentials" time="10.801">
    <error message="The step &apos;Page title should be &quot;Your store. Login&quot;&apos; is undefined.
You can implement this step using the snippet(s) below:

@Then(&quot;Page title should be {string}&quot;)
public void page_title_should_be(String string) {
    // Write code here that turns the phrase above into concrete actions
    throw new io.cucumber.java.PendingException();
}
" type="io.cucumber.junit.UndefinedStepException">io.cucumber.junit.UndefinedStepException: The step &apos;Page title should be &quot;Your store. Login&quot;&apos; is undefined.
You can implement this step using the snippet(s) below:

@Then(&quot;Page title should be {string}&quot;)
public void page_title_should_be(String string) {
    // Write code here that turns the phrase above into concrete actions
    throw new io.cucumber.java.PendingException();
}

</error>
  </testcase>
</testsuite>